Arguments: 
  C:\Program Files\nodejs\node.exe C:\Users\bsi97368\AppData\Roaming\npm\node_modules\yarn\bin\yarn.js

PATH: 
  C:\Python27\;C:\Python27\Scripts;C:\Windows\system32;C:\Windows;C:\Windows\System32\Wbem;C:\Windows\System32\WindowsPowerShell\v1.0\;C:\Windows\System32\OpenSSH\;C:\Program Files (x86)\Intel\Intel(R) Management Engine Components\DAL;C:\Program Files\Intel\Intel(R) Management Engine Components\DAL;C:\Program Files (x86)\Microsoft SQL Server\150\DTS\Binn\;C:\Program Files\dotnet\;C:\Program Files\Microsoft SQL Server\130\Tools\Binn\;C:\Program Files\Microsoft SQL Server\Client SDK\ODBC\170\Tools\Binn\;C:\Program Files\nodejs\;C:\ProgramData\chocolatey\bin;C:\Program Files\Git\cmd;C:\Program Files\Docker\Docker\resources\bin;C:\ProgramData\DockerDesktop\version-bin;C:\Users\bsi97368\AppData\Local\Microsoft\WindowsApps;;C:\Users\bsi97368\AppData\Local\Programs\Microsoft VS Code\bin;C:\Users\bsi97368\AppData\Roaming\npm

Yarn version: 
  1.21.0

Node version: 
  13.2.0

Platform: 
  win32 x64

Trace: 
  Error: self signed certificate in certificate chain
      at TLSSocket.onConnectSecure (_tls_wrap.js:1343:34)
      at TLSSocket.emit (events.js:210:5)
      at TLSSocket._finishInit (_tls_wrap.js:816:8)
      at TLSWrap.ssl.onhandshakedone (_tls_wrap.js:612:12)

npm manifest: 
  {
    "name": "click_site",
    "version": "1.0.0",
    "description": "Website da click comunicacao",
    "main": "index.js",
    "scripts": {
      "dev": "webpack-dev-server --open",
      "start": "webpack --mode development --hot",
      "build": "webpack --mode production"
    },
    "author": "Carlito Murta Ramalho",
    "license": "ISC",
    "dependencies": {
      "webpack-node-externals": "^1.7.2",
      "webpack-md5-hash": "0.0.6"
    },
    "devDependencies": {
      "@babel/core": "^7.8.3",
      "@babel/preset-env": "^7.8.3",
      "autoprefixer": "^9.7.4",
      "babel-core": "^6.26.3",
      "babel-loader": "^8.0.6",
      "copy-webpack-plugin": "^5.1.1",
      "css-loader": "^3.4.2",
      "extract-text-webpack-plugin": "^4.0.0-beta.0",
      "file-loader": "^5.0.2",
      "html-webpack-plugin": "^3.2.0",
      "mini-css-extract-plugin": "^0.9.0",
      "node-sass": "^4.13.0",
      "postcss-loader": "^3.0.0",
      "sass-loader": "^8.0.2",
      "style-loader": "^1.1.2",
      "webpack": "^4.41.5",
      "webpack-cli": "^3.3.10",
      "webpack-dev-server": "^3.10.1"
    }
  }

yarn manifest: 
  No manifest

Lockfile: 
  No lockfile
